{"user_id":"user1","raw_input":"hello","normalized_input":"hello","matched_gambit":[{"topic":"random","input":"*","reply":"Sorry, let's start again... Hello, How can I help you?","subset":[{"topic":"random","input":"conversation","reply":"Hello, How can I help you?","output":"Hello, How can I help you?"}]}],"timestamp":"2017-07-03T11:45:21.878Z"}
{"user_id":"user1","raw_input":"hello","normalized_input":"hello","matched_gambit":[{"topic":"random","input":"*","reply":"Sorry, let's start again... Hello, How can I help you?","subset":[{"topic":"random","input":"conversation","reply":"Hello, How can I help you?","output":"Hello, How can I help you?"}]}],"timestamp":"2017-07-03T11:50:37.923Z"}
{"user_id":"user1","raw_input":"I want to order a pizza","normalized_input":"I want to order a pizza","matched_gambit":[{"topic":"random","input":"*","reply":"Sorry, let's start again... Hello, How can I help you?","subset":[{"topic":"random","input":"conversation","reply":"Hello, How can I help you?","output":"Hello, How can I help you?"}]}],"timestamp":"2017-07-03T12:19:02.311Z"}
{"user_id":"user1","raw_input":"I want to order a pizza","normalized_input":"I want to order a pizza","matched_gambit":[{"topic":"random","input":"* [order|need] [a|one|some|1] (pizza|sides|coke) [please]","reply":"Sure, Which pizza you want, Cheese or Paneer","output":"Sure, Which pizza you want, Cheese or Paneer"}],"timestamp":"2017-07-03T12:19:08.580Z"}
{"user_id":"user1","raw_input":"i love cheese","normalized_input":"i love cheese","matched_gambit":[{"topic":"random","input":"* (cheese|paneer) *","reply":"Pan pizza or thin crust?","output":"Pan pizza or thin crust?"}],"timestamp":"2017-07-03T12:19:19.541Z"}
{"user_id":"user1","raw_input":"pan should be fine","normalized_input":"pan should be fine","matched_gambit":[{"topic":"random","input":"* (pan|thin crust) *","reply":"What size do you want? Regular or Medium or Large?","output":"What size do you want? Regular or Medium or Large?"}],"timestamp":"2017-07-03T12:19:30.646Z"}
{"user_id":"user1","raw_input":"regular will do","normalized_input":"regular will do","matched_gambit":[{"topic":"random","input":"* (regular|medium|large) *","reply":"Alright, your pan cheese pizza, regular size will be ready in ten minutes. Thank you.\nNext person please... Hello, How can I help you?","subset":[{"topic":"random","input":"conversation","reply":"Hello, How can I help you?","output":"Hello, How can I help you?"}]}],"timestamp":"2017-07-03T12:19:42.977Z"}
{"user_id":"user1","raw_input":"what is the weather in mumbai","normalized_input":"what is the weather in mumbai","matched_gambit":[{"topic":"random","input":"*","reply":"I am sorry. This size is not available. Please choose between regular, medium and large.","output":"I am sorry. This size is not available. Please choose between regular, medium and large."}],"timestamp":"2017-07-03T12:19:54.592Z"}
{"user_id":"user1","raw_input":"what is the weather in mumbai","normalized_input":"what is the weather in mumbai","matched_gambit":[{"topic":"random","input":"[what is the ] weather in *~2","reply":"","output":""},{"topic":"random","input":"*","reply":"Sorry, let's start again... Hello, How can I help you?","subset":[{"topic":"random","input":"conversation","reply":"Hello, How can I help you?","output":"Hello, How can I help you?"}]}],"timestamp":"2017-07-03T12:20:17.310Z"}
{"user_id":"user1","raw_input":"weather in mumbai","normalized_input":"weather in mumbai","matched_gambit":[{"topic":"random","input":"[what is the ] weather in *~2","reply":"","output":""},{"topic":"random","input":"*","reply":"Sorry, let's start again... Hello, How can I help you?","subset":[{"topic":"random","input":"conversation","reply":"Hello, How can I help you?","output":"Hello, How can I help you?"}]}],"timestamp":"2017-07-03T12:21:05.778Z"}
{"user_id":"user1","raw_input":"weather in mumbai","normalized_input":"weather in mumbai","matched_gambit":[{"topic":"random","input":"[what is the ] weather in *~2","reply":"","output":""}],"timestamp":"2017-07-03T12:22:52.895Z"}
{"user_id":"user1","raw_input":" weather in mumbai","normalized_input":"weather in mumbai","matched_gambit":[{"topic":"random","input":"[what is the ] weather in *~2","reply":"","output":""}],"timestamp":"2017-07-03T12:24:16.130Z"}
{"user_id":"user1","raw_input":" weather in mumbai","normalized_input":"weather in mumbai","matched_gambit":[{"topic":"random","input":"[what is the ] weather in *~2","reply":"","output":""}],"timestamp":"2017-07-03T12:24:29.727Z"}
{"user_id":"user1","raw_input":" weather in mumbai","normalized_input":"weather in mumbai","matched_gambit":[{"topic":"random","input":"[what is the ] weather in *~2","reply":"Weather in mumbai - [object Object]","output":"Weather in mumbai - [object Object]"}],"timestamp":"2017-07-03T12:30:58.600Z"}
{"user_id":"user1","raw_input":" weather in mumbai","normalized_input":"weather in mumbai","matched_gambit":[{"topic":"random","input":"[what is the ] weather in *~2","reply":"Weather in mumbai - 78F,Mostly Cloudy","output":"Weather in mumbai - 78F,Mostly Cloudy"}],"timestamp":"2017-07-03T12:36:34.039Z"}
{"user_id":"user1","raw_input":" weather in mumbai","normalized_input":"weather in mumbai","matched_gambit":[{"topic":"random","input":"[what is the ] weather in *~2","reply":"Weather in mumbai - 83F,Scattered Thunderstorms","output":"Weather in mumbai - 83F,Scattered Thunderstorms"}],"timestamp":"2017-07-03T12:38:24.649Z"}
{"user_id":"user1","raw_input":"what is the weather in mumbai","normalized_input":"what is the weather in mumbai","matched_gambit":[{"topic":"random","input":"[what is the ] weather in *~2","reply":"Weather in mumbai - 83F,Scattered Thunderstorms","output":"Weather in mumbai - 83F,Scattered Thunderstorms"}],"timestamp":"2017-07-03T12:38:56.341Z"}
{"user_id":"user1","raw_input":"what is the weather in mumbai","normalized_input":"what is the weather in mumbai","matched_gambit":[{"topic":"random","input":"[what|how] [is the] weather in *~2","reply":"Weather in mumbai - 83F,Scattered Thunderstorms","output":"Weather in mumbai - 83F,Scattered Thunderstorms"}],"timestamp":"2017-07-03T12:44:10.650Z"}
{"user_id":"user1","raw_input":"what is the weather in mumbai","normalized_input":"what is the weather in mumbai","matched_gambit":[{"topic":"random","input":"[what|how] [is the] weather in *~2","reply":"Weather in mumbai - 83F,Scattered Thunderstorms","output":"Weather in mumbai - 83F,Scattered Thunderstorms"}],"timestamp":"2017-07-03T12:44:15.420Z"}
{"user_id":"user1","raw_input":"what is the weather","normalized_input":"what is the weather","matched_gambit":[{"topic":"random","input":"[what|how] [is the] weather","reply":"in which city?","output":"in which city?"}],"timestamp":"2017-07-03T12:44:20.785Z"}
{"user_id":"user1","raw_input":"mumbai","normalized_input":"mumbai","matched_gambit":[{"topic":"random","input":"*~2","reply":"Weather in mumbai - 83F,Scattered Thunderstorms","output":"Weather in mumbai - 83F,Scattered Thunderstorms"}],"timestamp":"2017-07-03T12:44:28.694Z"}
{"user_id":"user1","raw_input":"mumbai","normalized_input":"mumbai","matched_gambit":[{"topic":"random","input":"*~2","reply":"Weather in mumbai - 83F,Scattered Thunderstorms","output":"Weather in mumbai - 83F,Scattered Thunderstorms"}],"timestamp":"2017-07-03T12:44:33.746Z"}
{"user_id":"user1","raw_input":"what is the weather","normalized_input":"what is the weather","matched_gambit":[{"topic":"random","input":"[what|how] [is the] weather","reply":"in which city?","output":"in which city?"}],"timestamp":"2017-07-03T12:46:13.318Z"}
{"user_id":"user1","raw_input":"mumbai","normalized_input":"mumbai","matched_gambit":[{"topic":"random","input":"*~2","reply":"Weather in mumbai - 83F,Scattered Thunderstorms","output":"Weather in mumbai - 83F,Scattered Thunderstorms"}],"timestamp":"2017-07-03T12:46:22.962Z"}
{"user_id":"user1","raw_input":"what is the weather","normalized_input":"what is the weather","matched_gambit":[{"topic":"random","input":"[what|how] [is the] weather","reply":"in which city?","output":"in which city?"}],"timestamp":"2017-07-03T12:46:55.888Z"}
{"user_id":"user1","raw_input":"san jose","normalized_input":"san jose","matched_gambit":[{"topic":"random","input":"*~2","reply":"Weather in san jose - 57F,Partly Cloudy","output":"Weather in san jose - 57F,Partly Cloudy"}],"timestamp":"2017-07-03T12:47:02.564Z"}
{"user_id":"user1","raw_input":"what is the weather","normalized_input":"what is the weather","matched_gambit":[{"topic":"random","input":"[what|how] [is the] weather","reply":"in which city?","output":"in which city?"}],"timestamp":"2017-07-03T12:53:16.388Z"}
{"user_id":"user1","raw_input":"in mumbai","normalized_input":"in mumbai","matched_gambit":[{"topic":"random","input":"*~2","reply":"Weather in in mumbai - 83F,Scattered Thunderstorms","output":"Weather in in mumbai - 83F,Scattered Thunderstorms"}],"timestamp":"2017-07-03T12:53:22.864Z"}
{"user_id":"user1","raw_input":"what is the weather","normalized_input":"what is the weather","matched_gambit":[{"topic":"random","input":"[what|how] [is the] weather","reply":"in which city?","output":"in which city?"}],"timestamp":"2017-07-03T12:55:21.178Z"}
{"user_id":"user1","raw_input":"in jaipur","normalized_input":"in jaipur","matched_gambit":[{"topic":"random","input":"[in] *~2","reply":"Weather in jaipur - 90F,Thunderstorms","output":"Weather in jaipur - 90F,Thunderstorms"}],"timestamp":"2017-07-03T12:55:27.070Z"}
{"user_id":"user1","raw_input":"in jaipur","normalized_input":"in jaipur","matched_gambit":[{"topic":"random","input":"[in] *~2","reply":"Weather in jaipur - 90F,Thunderstorms","output":"Weather in jaipur - 90F,Thunderstorms"}],"timestamp":"2017-07-03T12:56:05.302Z"}
{"user_id":"user1","raw_input":"in jaipur","normalized_input":"in jaipur","matched_gambit":[],"timestamp":"2017-07-03T12:58:08.730Z"}
{"user_id":"user1","raw_input":"what is the weather","normalized_input":"what is the weather","matched_gambit":[{"topic":"random","input":"[what|how] [is the] weather","reply":"in which city?","output":"in which city?"}],"timestamp":"2017-07-03T12:58:15.071Z"}
{"user_id":"user1","raw_input":"what is the weather","normalized_input":"what is the weather","matched_gambit":[{"topic":"random","input":"[what|how] [is the] weather","reply":"in which city?","output":"in which city?"}],"timestamp":"2017-07-03T12:59:35.116Z"}
{"user_id":"user1","raw_input":"mumbai","normalized_input":"mumbai","matched_gambit":[{"topic":"random","input":"[in] *~2","reply":"Weather in mumbai - 83F,Scattered Thunderstorms","output":"Weather in mumbai - 83F,Scattered Thunderstorms"}],"timestamp":"2017-07-03T12:59:41.793Z"}
{"user_id":"user1","raw_input":"hello","normalized_input":"hello","matched_gambit":[],"timestamp":"2017-07-04T09:17:39.198Z"}
{"user_id":"user1","raw_input":"hello","normalized_input":"hello","matched_gambit":[],"timestamp":"2017-07-04T09:17:51.818Z"}
{"user_id":"user1","raw_input":"what is the weather","normalized_input":"what is the weather","matched_gambit":[{"topic":"random","input":"[what|how] [is the] weather","reply":"in which city?","output":"in which city?"}],"timestamp":"2017-07-04T12:31:29.577Z"}
{"user_id":"user1","raw_input":"in mumbai","normalized_input":"in mumbai","matched_gambit":[{"topic":"random","input":"[in] *~2","reply":"Weather in mumbai - 81F,Mostly Cloudy","output":"Weather in mumbai - 81F,Mostly Cloudy"}],"timestamp":"2017-07-04T12:31:37.017Z"}
{"user_id":"user1","raw_input":"what is the weather","normalized_input":"what is the weather","matched_gambit":[{"topic":"random","input":"[what|how] [is the] weather","reply":"in which city?","output":"in which city?"}],"timestamp":"2017-07-04T12:45:33.570Z"}
{"user_id":"user1","raw_input":"what is the weather","normalized_input":"what is the weather","matched_gambit":[{"topic":"random","input":"[what|how] [is the] weather","reply":"in which city?","output":"in which city?"}],"timestamp":"2017-07-04T12:45:34.470Z"}
{"user_id":"user1","raw_input":"what is the weather","normalized_input":"what is the weather","matched_gambit":[{"topic":"random","input":"[what|how] [is the] weather","reply":"in which city?","output":"in which city?"}],"timestamp":"2017-07-04T12:46:18.141Z"}
{"user_id":"user1","raw_input":"mumbai","normalized_input":"mumbai","matched_gambit":[{"topic":"random","input":"[in] *~2","reply":"Weather in mumbai - 81F,Mostly Cloudy","output":"Weather in mumbai - 81F,Mostly Cloudy"}],"timestamp":"2017-07-04T12:46:30.655Z"}
{"user_id":"user1","raw_input":"how is the weather","normalized_input":"how is the weather","matched_gambit":[{"topic":"random","input":"[what|how] [is the] weather","reply":"in which city?","output":"in which city?"}],"timestamp":"2017-07-04T12:47:02.091Z"}
{"user_id":"user1","raw_input":"in san jose","normalized_input":"in san jose","matched_gambit":[{"topic":"random","input":"[in] *~2","reply":"Weather in san jose - 59F,Partly Cloudy","output":"Weather in san jose - 59F,Partly Cloudy"}],"timestamp":"2017-07-04T12:47:08.484Z"}
{"user_id":"user1","raw_input":"what is the weather in mumbai","normalized_input":"what is the weather in mumbai","matched_gambit":[{"topic":"random","input":"[what|how] [is the] weather in *~2","reply":"Weather in mumbai - 81F,Mostly Cloudy","output":"Weather in mumbai - 81F,Mostly Cloudy"}],"timestamp":"2017-07-04T12:47:19.147Z"}
